<?xml version="1.0" encoding="UTF-8"?>
<testng-results ignored="0" total="4" passed="4" failed="0" skipped="0">
  <reporter-output>
  </reporter-output>
  <suite started-at="2020-08-08T20:56:46 IST" name="Suite" finished-at="2020-08-08T20:56:46 IST" duration-ms="32">
    <groups>
    </groups>
    <test started-at="2020-08-08T20:56:46 IST" name="Test" finished-at="2020-08-08T20:56:46 IST" duration-ms="32">
      <class name="qaclickacademy.Mavenjava.AppiumTest">
        <test-method signature="IOSApps()[pri:0, instance:qaclickacademy.Mavenjava.AppiumTest@6107227e]" started-at="2020-08-08T20:56:46 IST" name="IOSApps" finished-at="2020-08-08T20:56:46 IST" duration-ms="0" status="PASS">
          <reporter-output>
          </reporter-output>
        </test-method> <!-- IOSApps -->
        <test-method signature="NativeAppAndroid()[pri:0, instance:qaclickacademy.Mavenjava.AppiumTest@6107227e]" started-at="2020-08-08T20:56:46 IST" name="NativeAppAndroid" finished-at="2020-08-08T20:56:46 IST" duration-ms="0" status="PASS">
          <reporter-output>
          </reporter-output>
        </test-method> <!-- NativeAppAndroid -->
      </class> <!-- qaclickacademy.Mavenjava.AppiumTest -->
      <class name="qaclickacademy.Mavenjava.RESTAPITest">
        <test-method signature="deleteTwitter()[pri:0, instance:qaclickacademy.Mavenjava.RESTAPITest@5db45159]" started-at="2020-08-08T20:56:46 IST" name="deleteTwitter" finished-at="2020-08-08T20:56:46 IST" duration-ms="3" status="PASS">
          <reporter-output>
          </reporter-output>
        </test-method> <!-- deleteTwitter -->
        <test-method signature="postJira()[pri:0, instance:qaclickacademy.Mavenjava.RESTAPITest@5db45159]" started-at="2020-08-08T20:56:46 IST" name="postJira" finished-at="2020-08-08T20:56:46 IST" duration-ms="0" status="PASS">
          <reporter-output>
          </reporter-output>
        </test-method> <!-- postJira -->
      </class> <!-- qaclickacademy.Mavenjava.RESTAPITest -->
    </test> <!-- Test -->
  </suite> <!-- Suite -->
</testng-results>
